0 info it worked if it ends with ok
1 verbose cli [ '/usr/bin/node', '/usr/bin/npm', 'run', 'dev-client' ]
2 info using npm@3.10.10
3 info using node@v6.11.3
4 verbose run-script [ 'predev-client', 'dev-client', 'postdev-client' ]
5 info lifecycle react-backend@0.0.0~predev-client: react-backend@0.0.0
6 silly lifecycle react-backend@0.0.0~predev-client: no script for predev-client, continuing
7 info lifecycle react-backend@0.0.0~dev-client: react-backend@0.0.0
8 verbose lifecycle react-backend@0.0.0~dev-client: unsafe-perm in lifecycle true
9 verbose lifecycle react-backend@0.0.0~dev-client: PATH: /usr/lib/node_modules/npm/bin/node-gyp-bin:/home/monty/node/react-backend/node_modules/.bin:/usr/lib64/qt-3.3/bin:/usr/local/bin:/usr/local/sbin:/usr/bin:/usr/sbin:/home/monty/.local/bin:/home/monty/bin:/home/monty/.local/bin:/home/monty/bin
10 verbose lifecycle react-backend@0.0.0~dev-client: CWD: /home/monty/node/react-backend
11 silly lifecycle react-backend@0.0.0~dev-client: Args: [ '-c', 'webpack-dev-server' ]
12 silly lifecycle react-backend@0.0.0~dev-client: Returned: code: 1  signal: null
13 info lifecycle react-backend@0.0.0~dev-client: Failed to exec dev-client script
14 verbose stack Error: react-backend@0.0.0 dev-client: `webpack-dev-server`
14 verbose stack Exit status 1
14 verbose stack     at EventEmitter.<anonymous> (/usr/lib/node_modules/npm/lib/utils/lifecycle.js:255:16)
14 verbose stack     at emitTwo (events.js:106:13)
14 verbose stack     at EventEmitter.emit (events.js:191:7)
14 verbose stack     at ChildProcess.<anonymous> (/usr/lib/node_modules/npm/lib/utils/spawn.js:40:14)
14 verbose stack     at emitTwo (events.js:106:13)
14 verbose stack     at ChildProcess.emit (events.js:191:7)
14 verbose stack     at maybeClose (internal/child_process.js:920:16)
14 verbose stack     at Process.ChildProcess._handle.onexit (internal/child_process.js:230:5)
15 verbose pkgid react-backend@0.0.0
16 verbose cwd /home/monty/node/react-backend
17 error Linux 4.11.9-200.fc25.x86_64
18 error argv "/usr/bin/node" "/usr/bin/npm" "run" "dev-client"
19 error node v6.11.3
20 error npm  v3.10.10
21 error code ELIFECYCLE
22 error react-backend@0.0.0 dev-client: `webpack-dev-server`
22 error Exit status 1
23 error Failed at the react-backend@0.0.0 dev-client script 'webpack-dev-server'.
23 error Make sure you have the latest version of node.js and npm installed.
23 error If you do, this is most likely a problem with the react-backend package,
23 error not with npm itself.
23 error Tell the author that this fails on your system:
23 error     webpack-dev-server
23 error You can get information on how to open an issue for this project with:
23 error     npm bugs react-backend
23 error Or if that isn't available, you can get their info via:
23 error     npm owner ls react-backend
23 error There is likely additional logging output above.
24 verbose exit [ 1, true ]
